# JRE version: Java(TM) SE Runtime Environment (12.0.1+12) (build 12.0.1+12)
# Java VM: Java HotSpot(TM) 64-Bit Server VM (12.0.1+12, mixed mode, sharing, tiered, compressed oops, g1 gc, windows-amd64)
Heap:
 garbage-first heap   total 454656K, used 380181K [0x0000000701c00000, 0x0000000800000000)
  region size 1024K, 266 young (272384K), 19 survivors (19456K)
 Metaspace       used 4141K, capacity 6300K, committed 6528K, reserved 1056768K
  class space    used 419K, capacity 613K, committed 640K, reserved 1048576K
GC Heap History (10 events):
Event: 29.118 GC heap after
{Heap after GC invocations=43 (full 0):
 garbage-first heap   total 454656K, used 117898K [0x0000000701c00000, 0x0000000800000000)
  region size 1024K, 20 young (20480K), 20 survivors (20480K)
 Metaspace       used 4140K, capacity 6300K, committed 6528K, reserved 1056768K
  class space    used 419K, capacity 613K, committed 640K, reserved 1048576K
}
Event: 29.888 GC heap before
{Heap before GC invocations=43 (full 0):
 garbage-first heap   total 454656K, used 369802K [0x0000000701c00000, 0x0000000800000000)
  region size 1024K, 266 young (272384K), 20 survivors (20480K)
 Metaspace       used 4141K, capacity 6300K, committed 6528K, reserved 1056768K
  class space    used 419K, capacity 613K, committed 640K, reserved 1048576K
}
Event: 29.902 GC heap after
{Heap after GC invocations=44 (full 0):
 garbage-first heap   total 454656K, used 120912K [0x0000000701c00000, 0x0000000800000000)
  region size 1024K, 21 young (21504K), 21 survivors (21504K)
 Metaspace       used 4141K, capacity 6300K, committed 6528K, reserved 1056768K
  class space    used 419K, capacity 613K, committed 640K, reserved 1048576K
}
Event: 30.684 GC heap before
{Heap before GC invocations=44 (full 0):
 garbage-first heap   total 454656K, used 371792K [0x0000000701c00000, 0x0000000800000000)
  region size 1024K, 266 young (272384K), 21 survivors (21504K)
 Metaspace       used 4141K, capacity 6300K, committed 6528K, reserved 1056768K
  class space    used 419K, capacity 613K, committed 640K, reserved 1048576K
}
Event: 30.695 GC heap after
{Heap after GC invocations=45 (full 0):
 garbage-first heap   total 454656K, used 122790K [0x0000000701c00000, 0x0000000800000000)
  region size 1024K, 19 young (19456K), 19 survivors (19456K)
 Metaspace       used 4141K, capacity 6300K, committed 6528K, reserved 1056768K
  class space    used 419K, capacity 613K, committed 640K, reserved 1048576K
}
Event: 31.471 GC heap before
{Heap before GC invocations=45 (full 0):
 garbage-first heap   total 454656K, used 375718K [0x0000000701c00000, 0x0000000800000000)
  region size 1024K, 266 young (272384K), 19 survivors (19456K)
 Metaspace       used 4141K, capacity 6300K, committed 6528K, reserved 1056768K
  class space    used 419K, capacity 613K, committed 640K, reserved 1048576K
}
Event: 31.483 GC heap after
{Heap after GC invocations=46 (full 0):
 garbage-first heap   total 454656K, used 124965K [0x0000000701c00000, 0x0000000800000000)
  region size 1024K, 19 young (19456K), 19 survivors (19456K)
 Metaspace       used 4141K, capacity 6300K, committed 6528K, reserved 1056768K
  class space    used 419K, capacity 613K, committed 640K, reserved 1048576K
}
Event: 32.278 GC heap before
{Heap before GC invocations=46 (full 0):
 garbage-first heap   total 454656K, used 377893K [0x0000000701c00000, 0x0000000800000000)
  region size 1024K, 266 young (272384K), 19 survivors (19456K)
 Metaspace       used 4141K, capacity 6300K, committed 6528K, reserved 1056768K
  class space    used 419K, capacity 613K, committed 640K, reserved 1048576K
}
Event: 32.289 GC heap after
{Heap after GC invocations=47 (full 0):
 garbage-first heap   total 454656K, used 127253K [0x0000000701c00000, 0x0000000800000000)
  region size 1024K, 19 young (19456K), 19 survivors (19456K)
 Metaspace       used 4141K, capacity 6300K, committed 6528K, reserved 1056768K
  class space    used 419K, capacity 613K, committed 640K, reserved 1048576K
}
Event: 33.116 GC heap before
{Heap before GC invocations=47 (full 0):
 garbage-first heap   total 454656K, used 380181K [0x0000000701c00000, 0x0000000800000000)
  region size 1024K, 266 young (272384K), 19 survivors (19456K)
 Metaspace       used 4141K, capacity 6300K, committed 6528K, reserved 1056768K
  class space    used 419K, capacity 613K, committed 640K, reserved 1048576K
}

